<?xml version="1.0" encoding="UTF-8"?>
<!-- Generated by org.testng.reporters.JUnitXMLReporter -->
<testsuite ignored="0" hostname="WDSCXUYENNT6" failures="0" tests="3" name="Default test" time="4.698" errors="0" timestamp="31 Mar 2023 07:13:13 GMT">
  <testcase classname="javaBasic.xuyentest" name="TC_01_Url" time="0.009"/>
  <testcase classname="javaBasic.xuyentest" name="TC_02_Logo" time="0.065"/>
  <testcase classname="javaBasic.xuyentest" name="TC_03_Form" time="0.041"/>
</testsuite> <!-- Default test -->
