<?xml version="1.0" encoding="UTF-8"?>
<testng-results ignored="0" total="2" passed="2" failed="0" skipped="0">
  <reporter-output>
  </reporter-output>
  <suite started-at="2023-03-04T14:36:30Z" name="NopCommerce" finished-at="2023-03-04T14:36:30Z" duration-ms="35">
    <groups>
    </groups>
    <test started-at="2023-03-04T14:36:30Z" name="Run on Firefox" finished-at="2023-03-04T14:36:30Z" duration-ms="35">
      <class name="com.nopcommerce.user.User_01_Register_Login_New">
        <test-method is-config="true" signature="beforeClass()[pri:0, instance:com.nopcommerce.user.User_01_Register_Login_New@752325ad]" started-at="2023-03-04T14:36:30Z" name="beforeClass" finished-at="2023-03-04T14:36:30Z" duration-ms="12" status="PASS">
          <reporter-output>
          </reporter-output>
        </test-method> <!-- beforeClass -->
        <test-method signature="TC_01()[pri:0, instance:com.nopcommerce.user.User_01_Register_Login_New@752325ad]" started-at="2023-03-04T14:36:30Z" name="TC_01" finished-at="2023-03-04T14:36:30Z" duration-ms="6" status="PASS">
          <reporter-output>
          </reporter-output>
        </test-method> <!-- TC_01 -->
        <test-method signature="TC_02()[pri:0, instance:com.nopcommerce.user.User_01_Register_Login_New@752325ad]" started-at="2023-03-04T14:36:30Z" name="TC_02" finished-at="2023-03-04T14:36:30Z" duration-ms="1" status="PASS">
          <reporter-output>
          </reporter-output>
        </test-method> <!-- TC_02 -->
        <test-method is-config="true" signature="afterClass()[pri:0, instance:com.nopcommerce.user.User_01_Register_Login_New@752325ad]" started-at="2023-03-04T14:36:30Z" name="afterClass" finished-at="2023-03-04T14:36:30Z" duration-ms="0" status="PASS">
          <reporter-output>
          </reporter-output>
        </test-method> <!-- afterClass -->
      </class> <!-- com.nopcommerce.user.User_01_Register_Login_New -->
    </test> <!-- Run on Firefox -->
  </suite> <!-- NopCommerce -->
</testng-results>
